yuanqiStopTouch/noDeadedService/build/intermediates/manifest_merge_blame_file/debug/manifest-merger-blame-debug-report.txt
1<?xml version="1.0" encoding="utf-8"?>
2<manifest xmlns:android="http://schemas.android.com/apk/res/android"
3    package="com.pangff.nodeadedservice"
4    android:versionCode="1"
5    android:versionName="1.0" >
6
7    <uses-sdk
8        android:minSdkVersion="19"
8-->src\main\AndroidManifest.xml
9        android:targetSdkVersion="21" />
9-->src\main\AndroidManifest.xml
10
11    <!-- <uses-sdk -->
12    <!-- android:minSdkVersion="19" -->
13    <!-- android:targetSdkVersion="21" /> -->
14    <application
14-->src\main\AndroidManifest.xml:11:5-42:19
15        android:allowBackup="true"
15-->src\main\AndroidManifest.xml:12:9-35
16        android:appComponentFactory="androidx.core.app.CoreComponentFactory"
16-->[androidx.core:core:1.0.0] AndroidManifest.xml:22:18-86
17        android:debuggable="true"
18        android:icon="@drawable/ic_launcher"
18-->src\main\AndroidManifest.xml:13:9-45
19        android:label="@string/app_name"
19-->src\main\AndroidManifest.xml:14:9-41
20        android:testOnly="true"
21        android:theme="@style/AppTheme" >
21-->src\main\AndroidManifest.xml:15:9-40
22        <activity
22-->src\main\AndroidManifest.xml:16:9-24:20
23            android:name="com.pangff.nodeadedservice.MainActivity"
23-->src\main\AndroidManifest.xml:17:13-41
24            android:label="@string/app_name" >
24-->src\main\AndroidManifest.xml:18:13-45
25            <intent-filter>
25-->src\main\AndroidManifest.xml:19:13-23:29
26                <action android:name="android.intent.action.MAIN" />
26-->src\main\AndroidManifest.xml:20:17-69
26-->src\main\AndroidManifest.xml:20:25-66
27
28                <category android:name="android.intent.category.LAUNCHER" />
28-->src\main\AndroidManifest.xml:22:17-77
28-->src\main\AndroidManifest.xml:22:27-74
29            </intent-filter>
30        </activity>
31
32        <receiver
32-->src\main\AndroidManifest.xml:26:9-32:20
33            android:name="com.pangff.nodeadedservice.BootBroadcast"
33-->src\main\AndroidManifest.xml:27:13-68
34            android:permission="android.permission.RECEIVE_BOOT_COMPLETED" >
34-->src\main\AndroidManifest.xml:28:13-75
35            <intent-filter>
35-->src\main\AndroidManifest.xml:29:13-31:29
36                <action android:name="android.intent.action.BOOT_COMPLETED" />
36-->src\main\AndroidManifest.xml:30:17-79
36-->src\main\AndroidManifest.xml:30:25-76
37            </intent-filter>
38        </receiver>
39        <receiver android:name="com.pangff.nodeadedservice.Alarmreceiver" >
39-->src\main\AndroidManifest.xml:33:9-37:20
39-->src\main\AndroidManifest.xml:33:19-74
40            <intent-filter>
40-->src\main\AndroidManifest.xml:34:13-36:29
41                <action android:name="arui.alarm.action" />
41-->src\main\AndroidManifest.xml:35:17-60
41-->src\main\AndroidManifest.xml:35:25-57
42            </intent-filter>
43        </receiver>
44
45        <service android:name="com.pangff.nodeadedservice.DaemonService" >
45-->src\main\AndroidManifest.xml:40:9-41:19
45-->src\main\AndroidManifest.xml:40:18-73
46        </service>
47    </application>
48
49</manifest>